<?xml version="1.0" encoding="UTF-8"?>
<coverage generated="1773418468372" clover="3.2.0">
  <project timestamp="1773418468372" name="All files">
    <metrics statements="24" coveredstatements="24" conditionals="11" coveredconditionals="10" methods="4" coveredmethods="4" elements="39" coveredelements="38" complexity="0" loc="24" ncloc="24" packages="1" files="1" classes="1"/>
    <file name="demo-input.js" path="D:\w\genu.im\gm\site\assets\js\demo-input.js">
      <metrics statements="24" coveredstatements="24" conditionals="11" coveredconditionals="10" methods="4" coveredmethods="4"/>
      <line num="5" count="23" type="stmt"/>
      <line num="7" count="23" type="stmt"/>
      <line num="12" count="23" type="stmt"/>
      <line num="15" count="33" type="cond" truecount="2" falsecount="0"/>
      <line num="20" count="33" type="stmt"/>
      <line num="22" count="33" type="cond" truecount="2" falsecount="0"/>
      <line num="23" count="9" type="stmt"/>
      <line num="25" count="24" type="stmt"/>
      <line num="28" count="23" type="stmt"/>
      <line num="29" count="4" type="stmt"/>
      <line num="32" count="23" type="cond" truecount="1" falsecount="0"/>
      <line num="33" count="27" type="stmt"/>
      <line num="34" count="27" type="cond" truecount="2" falsecount="0"/>
      <line num="35" count="18" type="stmt"/>
      <line num="38" count="9" type="stmt"/>
      <line num="39" count="9" type="cond" truecount="2" falsecount="0"/>
      <line num="40" count="1" type="stmt"/>
      <line num="43" count="8" type="stmt"/>
      <line num="44" count="8" type="stmt"/>
      <line num="45" count="8" type="stmt"/>
      <line num="46" count="8" type="stmt"/>
      <line num="50" count="23" type="stmt"/>
      <line num="52" count="23" type="cond" truecount="1" falsecount="1"/>
      <line num="53" count="23" type="stmt"/>
    </file>
  </project>
</coverage>
