{"D:\\w\\genu.im\\gm\\site\\assets\\js\\demo-input.js": {"path":"D:\\w\\genu.im\\gm\\site\\assets\\js\\demo-input.js","statementMap":{"0":{"start":{"line":5,"column":26},"end":{"line":5,"column":42}},"1":{"start":{"line":7,"column":26},"end":{"line":10,"column":1}},"2":{"start":{"line":12,"column":27},"end":{"line":26,"column":1}},"3":{"start":{"line":15,"column":20},"end":{"line":17,"column":16}},"4":{"start":{"line":20,"column":2},"end":{"line":20,"column":68}},"5":{"start":{"line":22,"column":1},"end":{"line":24,"column":2}},"6":{"start":{"line":23,"column":2},"end":{"line":23,"column":35}},"7":{"start":{"line":25,"column":1},"end":{"line":25,"column":35}},"8":{"start":{"line":28,"column":17},"end":{"line":30,"column":1}},"9":{"start":{"line":29,"column":1},"end":{"line":29,"column":36}},"10":{"start":{"line":32,"column":22},"end":{"line":48,"column":1}},"11":{"start":{"line":33,"column":14},"end":{"line":33,"column":54}},"12":{"start":{"line":34,"column":1},"end":{"line":36,"column":2}},"13":{"start":{"line":35,"column":2},"end":{"line":35,"column":9}},"14":{"start":{"line":38,"column":15},"end":{"line":38,"column":55}},"15":{"start":{"line":39,"column":1},"end":{"line":41,"column":2}},"16":{"start":{"line":40,"column":2},"end":{"line":40,"column":9}},"17":{"start":{"line":43,"column":1},"end":{"line":47,"column":4}},"18":{"start":{"line":44,"column":2},"end":{"line":44,"column":25}},"19":{"start":{"line":45,"column":22},"end":{"line":45,"column":53}},"20":{"start":{"line":46,"column":2},"end":{"line":46,"column":21}},"21":{"start":{"line":50,"column":0},"end":{"line":50,"column":16}},"22":{"start":{"line":52,"column":0},"end":{"line":60,"column":1}},"23":{"start":{"line":53,"column":1},"end":{"line":59,"column":3}}},"fnMap":{"0":{"name":"(anonymous_0)","decl":{"start":{"line":12,"column":27},"end":{"line":12,"column":28}},"loc":{"start":{"line":12,"column":41},"end":{"line":26,"column":1}},"line":12},"1":{"name":"(anonymous_1)","decl":{"start":{"line":28,"column":17},"end":{"line":28,"column":18}},"loc":{"start":{"line":28,"column":34},"end":{"line":30,"column":1}},"line":28},"2":{"name":"(anonymous_2)","decl":{"start":{"line":32,"column":22},"end":{"line":32,"column":23}},"loc":{"start":{"line":32,"column":44},"end":{"line":48,"column":1}},"line":32},"3":{"name":"(anonymous_3)","decl":{"start":{"line":43,"column":33},"end":{"line":43,"column":34}},"loc":{"start":{"line":43,"column":44},"end":{"line":47,"column":2}},"line":43}},"branchMap":{"0":{"loc":{"start":{"line":15,"column":27},"end":{"line":15,"column":41}},"type":"binary-expr","locations":[{"start":{"line":15,"column":27},"end":{"line":15,"column":35}},{"start":{"line":15,"column":39},"end":{"line":15,"column":41}}],"line":15},"1":{"loc":{"start":{"line":22,"column":1},"end":{"line":24,"column":2}},"type":"if","locations":[{"start":{"line":22,"column":1},"end":{"line":24,"column":2}},{"start":{},"end":{}}],"line":22},"2":{"loc":{"start":{"line":32,"column":23},"end":{"line":32,"column":39}},"type":"default-arg","locations":[{"start":{"line":32,"column":31},"end":{"line":32,"column":39}}],"line":32},"3":{"loc":{"start":{"line":34,"column":1},"end":{"line":36,"column":2}},"type":"if","locations":[{"start":{"line":34,"column":1},"end":{"line":36,"column":2}},{"start":{},"end":{}}],"line":34},"4":{"loc":{"start":{"line":39,"column":1},"end":{"line":41,"column":2}},"type":"if","locations":[{"start":{"line":39,"column":1},"end":{"line":41,"column":2}},{"start":{},"end":{}}],"line":39},"5":{"loc":{"start":{"line":52,"column":0},"end":{"line":60,"column":1}},"type":"if","locations":[{"start":{"line":52,"column":0},"end":{"line":60,"column":1}},{"start":{},"end":{}}],"line":52}},"s":{"0":23,"1":23,"2":23,"3":33,"4":33,"5":33,"6":9,"7":24,"8":23,"9":4,"10":23,"11":27,"12":27,"13":18,"14":9,"15":9,"16":1,"17":8,"18":8,"19":8,"20":8,"21":23,"22":23,"23":23},"f":{"0":33,"1":4,"2":27,"3":8},"b":{"0":[33,7],"1":[9,24],"2":[23],"3":[18,9],"4":[1,8],"5":[23,0]},"_coverageSchema":"1a1c01bbd47fc00a2c39e90264f33305004495a9","hash":"8dc6eb37a5fdac3bf9bddcaf04f47fc297698859"}
}
