TN:
SF:site\assets\js\demo-input.js
FN:12,(anonymous_0)
FN:28,(anonymous_1)
FN:32,(anonymous_2)
FN:43,(anonymous_3)
FNF:4
FNH:4
FNDA:33,(anonymous_0)
FNDA:4,(anonymous_1)
FNDA:27,(anonymous_2)
FNDA:8,(anonymous_3)
DA:5,23
DA:7,23
DA:12,23
DA:15,33
DA:20,33
DA:22,33
DA:23,9
DA:25,24
DA:28,23
DA:29,4
DA:32,23
DA:33,27
DA:34,27
DA:35,18
DA:38,9
DA:39,9
DA:40,1
DA:43,8
DA:44,8
DA:45,8
DA:46,8
DA:50,23
DA:52,23
DA:53,23
LF:24
LH:24
BRDA:15,0,0,33
BRDA:15,0,1,7
BRDA:22,1,0,9
BRDA:22,1,1,24
BRDA:32,2,0,23
BRDA:34,3,0,18
BRDA:34,3,1,9
BRDA:39,4,0,1
BRDA:39,4,1,8
BRDA:52,5,0,23
BRDA:52,5,1,0
BRF:11
BRH:10
end_of_record
